[2026-07-08T21:13:41.130Z] [INFO] Checking source environment...
[2026-07-08T21:13:41.131Z] [INFO] Creating output directories...
[2026-07-08T21:13:41.134Z] [INFO] Listing source files...
[2026-07-08T21:13:41.142Z] [INFO] Loading symbol file "G:/Code/TypeScript/Apps/sweet-dx/source/symbols/main.sym"...
[2026-07-08T21:13:41.144Z] [INFO] Loaded 414 symbol(s) from "G:/Code/TypeScript/Apps/sweet-dx/source/symbols/main.sym".
[2026-07-08T21:13:41.144Z] [INFO] got_main_crt0, got_spriteToProfileList, __cxa_guard_acquire, __cxa_guard_release, _Z3sinf, _Z3cosf, _Z3tanf, _Z4asinf, _Z4acosf, _Z5atan2ff, _Z3expf, _Z3logf, _Z3powff, _Z4sqrtf, _Z4fmodff, _Z6strlenPKc, _Z7strncmpPKcS0_j, _Znwj, _Znaj, _ZdlPv, _ZdaPv, malloc, free, _ZTVN4sead14SafeStringBaseIcEE, _ZN4sead14SafeStringBaseIcED2Ev, _ZN4sead14SafeStringBaseIcED0Ev, _ZN4sead14SafeStringBaseIcEaSERKS1_, _ZN4sead14SafeStringBaseIcE22assureTerminationImpl_Ev, _ZN4sead9IDisposerC2Ev, _ZN4sead9IDisposerD2Ev, _ZN4sead6Random6getU32Ev, _ZN4sead12GlobalRandom8instanceE, _ZN7Profile17getResArchiveByIdEj, _ZN7Profile16profilesOriginalE, _ZN7Profile18prioritiesOriginalE, _ZN7Profile20hasResourcesOriginalE, _ZN7Profile21resourceCountOriginalE, _ZN7Profile21resourceListsOriginalE, _ZN9ActorInfo7DefaultE, _ZN8ActorMgr8instanceE, _ZN8ActorMgr6createEP14ActorBuildInfoj, _ZN5ActorC2EPK14ActorBuildInfo, _ZN5ActorD2Ev, _ZN5ActorD0Ev, _ZNK5Actor27checkDerivedRuntimeTypeInfoEPKN4sead15RuntimeTypeInfo9InterfaceE, _ZNK5Actor18getRuntimeTypeInfoEv, _ZN5Actor12beforeCreateEv, _ZN5Actor8onCreateEv, _ZN5Actor11afterCreateEj, _ZN5Actor13beforeExecuteEv, _ZN5Actor9onExecuteEv, _ZN5Actor12afterExecuteEj, _ZN5Actor12finalExecuteEv, _ZN5Actor10beforeDrawEv, _ZN5Actor6onDrawEv, _ZN5Actor9afterDrawEj, _ZN5Actor12beforeDeleteEv, _ZN5Actor8onDeleteEv, _ZN5Actor11afterDeleteEj, _ZN10StageActorC2EPK14ActorBuildInfo, _ZN10StageActorD2Ev, _ZN10StageActorD0Ev, _ZNK10StageActor27checkDerivedRuntimeTypeInfoEPKN4sead15RuntimeTypeInfo9InterfaceE, _ZNK10StageActor18getRuntimeTypeInfoEv, _ZN10StageActor11afterCreateEj, _ZN10StageActor13beforeExecuteEv, _ZN10StageActor12afterExecuteEj, _ZN10StageActor10beforeDrawEv, _ZN10StageActor11setPlayerIdEa, _ZN10StageActor21removeActiveCollidersEv, _ZN10StageActor18addActiveCollidersEv, _ZN10StageActor15getCollisionMgrEv, _ZN10StageActor4vf54Ev, _ZN10StageActor4vf58Ev, _ZN10StageActor4vf5CEv, _ZN10StageActor4vf60Ev, _ZN10StageActor4vf64Ev, _ZN10StageActor10killAtGoalEv, _ZN10StageActor11splashWaterEP4Vec3, _ZN10StageActor10splashLavaEP4Vec3, _ZN10StageActor14splashLavaWaveEP4Vec3, _ZN10StageActor12splashPoisonEP4Vec3, _ZN10StageActor11isOffScreenEv, _ZN10StageActor15damageFromUnderEv, _ZN10StageActor16distanceToPlayerERK4Vec2, _ZN10StageActor18directionToPlayerHERK4Vec3, _ZN10StageActor18directionToPlayerVERK4Vec3, _ZN10StageActor9cullCheckEj, _ZN14CollisionActorC2EPK14ActorBuildInfo, _ZN14CollisionActorD2Ev, _ZN14CollisionActorD0Ev, _ZNK14CollisionActor27checkDerivedRuntimeTypeInfoEPKN4sead15RuntimeTypeInfo9InterfaceE, _ZNK14CollisionActor18getRuntimeTypeInfoEv, _ZN14CollisionActor11afterCreateEj, _ZN14CollisionActor13beforeExecuteEv, _ZN14CollisionActor12afterExecuteEj, _ZN14CollisionActor8onDeleteEv, _ZN14CollisionActor15getCollisionMgrEv, _ZN14CollisionActor4vf84Eh, _ZN14CollisionActor4vf88Ev, _ZN14CollisionActor4vf8CEv, _ZN14CollisionActor4vf90Ev, _ZN14CollisionActor4vf94Ev, _ZN14CollisionActor4vf98Ef, _ZN14CollisionActor4vf9CEv, _ZN14CollisionActor4vfA0Ev, _ZN14CollisionActor4vfA4Ev, _ZN14CollisionActor4vfA8Ev, _ZN14CollisionActor4vfACEP4Vec2, _ZN14CollisionActor4vfB0Ef, _ZN14CollisionActor4vfB4Ev, _ZN14CollisionActor4vfB8Ev, _ZN14CollisionActor7getRectEP4Rect, _ZN14CollisionActor13handleGravityEv, _ZN14CollisionActor11handleSpeedEv, _ZN15MultiStateActorC2EPK14ActorBuildInfo, _ZN15MultiStateActorD2Ev, _ZN15MultiStateActorD0Ev, _ZNK15MultiStateActor27checkDerivedRuntimeTypeInfoEPKN4sead15RuntimeTypeInfo9InterfaceE, _ZNK15MultiStateActor18getRuntimeTypeInfoEv, _ZN15MultiStateActor13doStateChangeEP9StateBase, _ZN5EnemyC2EPK14ActorBuildInfo, _ZN5EnemyD2Ev, _ZN5EnemyD0Ev, _ZNK5Enemy27checkDerivedRuntimeTypeInfoEPKN4sead15RuntimeTypeInfo9InterfaceE, _ZNK5Enemy18getRuntimeTypeInfoEv, _ZN5Enemy13beforeExecuteEv, _ZN5Enemy15damageFromUnderEv, _ZN5Enemy4vfA4Ev, _ZN5Enemy4vfA8Ev, _ZN5Enemy13doStateChangeEP9StateBase, _ZN5Enemy4vfC4Ev, _ZN5Enemy4vfC8Ev, _ZN5Enemy4vfCCEv, _ZN5Enemy6freezeEv, _ZN5Enemy4vfD4Ev, _ZN5Enemy4vfD8Ev, _ZN5Enemy4vfDCEv, _ZN5Enemy4vfE0Ev, _ZN5Enemy4vfE4Ev, _ZN5Enemy4vfE8EP14ActiveColliderS1_, _ZN5Enemy4vfECEP14ActiveColliderS1_, _ZN5Enemy4vfF0ERbP14ActiveColliderS2_, _ZN5Enemy4vfF4EP14ActiveColliderS1_, _ZN5Enemy4vfF8EP14ActiveColliderS1_, _ZN5Enemy4vfFCEP14ActiveColliderS1_, _ZN5Enemy5vf100EP14ActiveColliderS1_, _ZN5Enemy14collisionEnemyEP14ActiveColliderS1_, _ZN5Enemy15collisionPlayerEP14ActiveColliderS1_, _ZN5Enemy14collisionYoshiEP14ActiveColliderS1_, _ZN5Enemy5vf110EP14ActiveColliderS1_, _ZN5Enemy13collisionStarEP14ActiveColliderS1_, _ZN5Enemy14collisionSlideEP14ActiveColliderS1_, _ZN5Enemy23collisionPropellerDrillEP14ActiveColliderS1_, _ZN5Enemy5vf120EP14ActiveColliderS1_, _ZN5Enemy20collisionGroundPoundEP14ActiveColliderS1_, _ZN5Enemy25collisionGroundPoundYoshiEP14ActiveColliderS1_, _ZN5Enemy21collisionPenguinSlideEP14ActiveColliderS1_, _ZN5Enemy19collisionPipeCannonEP14ActiveColliderS1_, _ZN5Enemy5vf134EP14ActiveColliderS1_, _ZN5Enemy24collisionThrowableObjectEP14ActiveColliderS1_, _ZN5Enemy17collisionFireballEP14ActiveColliderS1_, _ZN5Enemy16collisionIceballEP14ActiveColliderS1_, _ZN5Enemy15collisionHammerEP14ActiveColliderS1_, _ZN5Enemy22collisionFireballYoshiEP14ActiveColliderS1_, _ZN5Enemy5vf14CEP14ActiveColliderS1_, _ZN5Enemy5vf150EP14ActiveColliderS1_, _ZN5Enemy5vf154EP14ActiveColliderS1_, _ZN5Enemy5vf158EP14ActiveColliderS1_, _ZN5Enemy5vf15CEv, _ZN5Enemy5vf160Ev, _ZN5Enemy5vf164Ev, _ZN5Enemy10isOnGroundEv, _ZN5Enemy5vf16CEv, _ZN5Enemy5vf170Ev, _ZN5Enemy5vf174Ev, _ZN5Enemy5vf178Ev, _ZN5Enemy5vf17CEv, _ZN5Enemy5vf180Ev, _ZN5Enemy5vf184Ev, _ZN5Enemy5vf188Ev, _ZN5Enemy5vf18CEv, _ZN5Enemy5vf190Ev, _ZN5Enemy5vf194Ev, _ZN5Enemy5vf198Ev, _ZN5Enemy5vf19CEv, _ZN5Enemy5vf1A0Ev, _ZN5Enemy5vf1A4Ev, _ZN5Enemy5vf1A8Ev, _ZN5Enemy5vf1ACEv, _ZN5Enemy5vf1B0Ev, _ZN5Enemy5vf1B4Ev, _ZN5Enemy5vf1B8Ev, _ZN5Enemy18beginState_DieFumiEv, _ZN5Enemy20executeState_DieFumiEv, _ZN5Enemy16endState_DieFumiEv, _ZN5Enemy18beginState_DieFallEv, _ZN5Enemy20executeState_DieFallEv, _ZN5Enemy16endState_DieFallEv, _ZN5Enemy5vf1D4Ev, _ZN5Enemy5vf1D8Ev, _ZN5Enemy5vf1DCEv, _ZN5Enemy5vf1E0Ev, _ZN5Enemy5vf1E4Ev, _ZN5Enemy5vf1E8Ev, _ZN5Enemy5vf1ECEv, _ZN5Enemy5vf1F0Ev, _ZN5Enemy5vf1F4Ev, _ZN5Enemy5vf1F8Ev, _ZN5Enemy5vf1FCEv, _ZN5Enemy5vf200Ev, _ZN5Enemy5vf204Ev, _ZN5Enemy5vf208Ev, _ZN5Enemy5vf20CEv, _ZN5Enemy5vf210Ev, _ZN5Enemy5vf214Ev, _ZN5Enemy5vf218Ev, _ZN5Enemy5vf21CEv, _ZN5Enemy5vf220Ev, _ZN5Enemy5vf224Ev, _ZN5Enemy5vf228Ev, _ZN5Enemy5vf22CEv, _ZN5Enemy5vf230Ev, _ZN5Enemy5vf234Ev, _ZN5Enemy5vf238Ev, _ZN5Enemy5vf23CEv, _ZN5Enemy5vf240Ev, _ZN5Enemy5vf244Ev, _ZN5Enemy5vf248Ev, _ZN5Enemy5vf24CEv, _ZN5Enemy5vf250Ev, _ZN5Enemy5vf254Ev, _ZN5Enemy5vf258Ev, _ZN5Enemy5vf25CEv, _ZN5Enemy5vf260Ev, _ZN5Enemy14beginState_IceEv, _ZN5Enemy16executeState_IceEv, _ZN5Enemy12endState_IceEv, _ZN5Enemy17collisionCallbackEP14ActiveColliderS1_, _ZN5Enemy16processCollisionEP14ActiveColliderS1_j, _ZN5Enemy14killPlayerJumpEP10StageActorRK4Vec2P9StateBase, _ZN5Enemy14killPlayerSpinEP10StageActor, _ZN5Enemy14killYoshiStompEP10StageActor, _ZN8BrosBaseC2EPK14ActorBuildInfo, _ZN8BrosBaseD2Ev, _ZN8BrosBaseD0Ev, _ZNK8BrosBase27checkDerivedRuntimeTypeInfoEPKN4sead15RuntimeTypeInfo9InterfaceE, _ZNK8BrosBase18getRuntimeTypeInfoEv, _ZN8BrosBase8onCreateEv, _ZN8BrosBase9onExecuteEv, _ZN8BrosBase6onDrawEv, _ZN8BrosBase8onDeleteEv, _ZN8BrosBase10killAtGoalEv, _ZN8BrosBase4vfC8Ev, _ZN8BrosBase6freezeEv, _ZN8BrosBase4vfD4Ev, _ZN8BrosBase4vfDCEv, _ZN8BrosBase4vfE0Ev, _ZN8BrosBase15collisionPlayerEP14ActiveColliderS1_, _ZN8BrosBase14collisionYoshiEP14ActiveColliderS1_, _ZN8BrosBase13collisionStarEP14ActiveColliderS1_, _ZN8BrosBase23collisionPropellerDrillEP14ActiveColliderS1_, _ZN8BrosBase20collisionGroundPoundEP14ActiveColliderS1_, _ZN8BrosBase16collisionIceballEP14ActiveColliderS1_, _ZN8BrosBase15collisionHammerEP14ActiveColliderS1_, _ZN8BrosBase5vf150EP14ActiveColliderS1_, _ZN8BrosBase18beginState_DieFumiEv, _ZN8BrosBase20executeState_DieFumiEv, _ZN8BrosBase16endState_DieFumiEv, _ZN8BrosBase18beginState_DieFallEv, _ZN8BrosBase20executeState_DieFallEv, _ZN8BrosBase16endState_DieFallEv, _ZN8BrosBase15beginState_MoveEv, _ZN8BrosBase17executeState_MoveEv, _ZN8BrosBase13endState_MoveEv, _ZN8BrosBase17beginState_AttackEv, _ZN8BrosBase19executeState_AttackEv, _ZN8BrosBase15endState_AttackEv, _ZN8BrosBase17beginState_JumpStEv, _ZN8BrosBase19executeState_JumpStEv, _ZN8BrosBase15endState_JumpStEv, _ZN8BrosBase15beginState_JumpEv, _ZN8BrosBase17executeState_JumpEv, _ZN8BrosBase13endState_JumpEv, _ZN8BrosBase17beginState_JumpEdEv, _ZN8BrosBase19executeState_JumpEdEv, _ZN8BrosBase15endState_JumpEdEv, _ZN8BrosBase20beginState_AirAttackEv, _ZN8BrosBase22executeState_AirAttackEv, _ZN8BrosBase18endState_AirAttackEv, _ZN8BrosBase15beginState_DownEv, _ZN8BrosBase17executeState_DownEv, _ZN8BrosBase13endState_DownEv, _ZN8BrosBase5vf2C4Ev, _ZN8BrosBase24getProjectileCreateFrameEv, _ZN8BrosBase23getProjectileThrowFrameEv, _ZN8BrosBase15setWalkingSpeedEv, _ZN8BrosBase5vf2D4Ev, _ZN8BrosBase12getTextureIdEv, _ZN8BrosBase15setWalkingTimerEv, _ZN8BrosBase5vf2E0Ev, _ZN8BrosBase5vf2E4Ev, _ZN8BrosBase5vf2E8Ev, _ZN8BrosBase16createProjectileEv, _ZN8BrosBase15throwProjectileEv, _ZN8BrosBase11setHopTimerEv, _ZN8BrosBase11setHopSpeedEv, _ZN8BrosBase11doAirAttackEv, _ZN8BrosBase5vf300Ev, _ZN8BrosBase5vf304Ev, _ZN8BrosBase8doAttackEv, _ZN8BrosBase17setThrowAnimationEv, _ZN8BrosBase5vf310Ev, _ZN8BrosBase5vf314Ev, _ZN8BrosBase5vf318Ev, _ZN8BrosBase5vf31CEv, _ZN8BrosBase5vf320Ev, _ZN8BrosBase5vf324Ev, _ZN8BrosBase5vf328Ev, _ZN8BrosBase5vf32CEv, _ZN8BrosBase5vf330Ev, _ZN8BrosBase5vf334Ev, _ZN6BobOmb14StateID_KickedE, _ZN11KoopaTroopa13StateID_SlideE, _ZN14ActiveColliderC1Ev, _ZN14ActiveColliderD1Ev, _ZN14ActiveCollider4initEP10StageActorPKNS_4InfoEj, _ZN17ActiveColliderMgr8instanceE, _ZN17ActiveColliderMgr14isInActiveListEP14ActiveCollider, _ZN17ActiveColliderMgr20removeFromActiveListEP14ActiveCollider, _ZN17ActiveColliderMgr14isInCreateListEP14ActiveCollider, _ZN17ActiveColliderMgr15addToCreateListEP14ActiveCollider, _ZN17ActiveColliderMgr20removeFromCreateListEP14ActiveCollider, _ZN17ActiveColliderMgr15removeFromList3EP14ActiveCollider, _ZN12ColliderBaseD2Ev, _ZN12ColliderBase7setTypeEj, _ZN12ColliderBase11setSolidityEj, _ZN12ColliderBase14setSurfaceTypeEj, _ZN14ShapedColliderD2Ev, _ZN14ShapedCollider7executeEv, _ZN14ShapedCollider4initEP10StageActorRKNS_4InfoE, _ZN12RectColliderC1Ev, _ZN18SolidOnTopColliderC1Ev, _ZN18SolidOnTopColliderD1Ev, _ZN18SolidOnTopCollider7executeEv, _ZN18SolidOnTopCollider4initEP10StageActorRKNS_4InfoEjPN4sead4HeapE, _ZN16CircularColliderC1Ev, _ZN16CircularCollider7executeEv, _ZN16CircularCollider4initEP10StageActorRKNS_4InfoE, _ZN11ColliderMgr8instanceE, _ZN11ColliderMgr3addEP12ColliderBase, _ZN9StateBase9currentIdE, _ZN8StateMgr15getCurrentStateEv, _ZN8StateMgr7executeEv, _ZN8StateMgr11changeStateEP9StateBase, _ZN12CollisionMgr7processEv, _ZN12CollisionMgr4initEP10StageActorPKNS_6SensorES4_S4_, _ZN12CollisionMgr9setSensorEPKNS_6SensorEj, _ZN9TileCheckC1ERKNS_5ParamE, _ZN9TileCheck5checkERNS_6ResultERK4Vec2S4_j, _ZN14EnemyFreezeMgr6freezeERKNS_4InfoEj, _ZN14EnemyFreezeMgr8setFlagsERKNS_5FlagsE, _ZN8EventMgr3setEjjbjjjj, _ZN8EventMgr8instanceE, _ZN10ResArchive8getModelERKN4sead14SafeStringBaseIcEEjjjjjbPNS0_4HeapE, _ZN13ResArchiveMgr8instanceE, _ZN13ResArchiveMgr3getERKN4sead14SafeStringBaseIcEE, _ZN9Animation9setRepeatEb, _ZN17SkeletalAnimation4playEP10ResArchiveRKN4sead14SafeStringBaseIcEE, _ZN16TextureAnimation4playEP10ResArchiveRKN4sead14SafeStringBaseIcEE, _ZN15ShaderAnimation4playEP10ResArchiveRKN4sead14SafeStringBaseIcEE, _ZN12ModelWrapperC1EP5Modeljjjjj, _ZN12ModelWrapper5setupEP10ResArchivePvPN4sead4HeapE, _ZN12ModelWrapper11updateModelEv, _ZN12ModelWrapper16updateAnimationsEv, _ZN5Mtx347rotateXERKj, _ZN5Mtx347rotateYERKj, _ZN5Mtx347rotateZERKj, _ZN7DrawMgr8instanceE, _ZN7DrawMgr9drawModelEP5Model, _ZN7DrawMgr8drawTileEtRK4Vec3RKjS2_, _ZN11LightSourceC1Ev, _ZN11LightSourceD0Ev, _ZN11LightSourceD1Ev, _ZN11LightSource6updateEjP4Vec3PfS2_S2_PN4sead7Color4fES2_S2_, _ZN11LightSource6updateEP4Vec3PfS2_S2_PN4sead7Color4fES2_S2_, _ZN9LightMaskC1Ev, _ZN9LightMask4initEPN4sead4HeapEj, _ZN9LightMask6updateEv, _ZN9LightMask4drawEv, _ZN15MovementHandlerC1Ev, _ZN15MovementHandler4linkERK4Vec3jh, _ZN15MovementHandler7executeEv, _ZN15MovementHandler22getMaskForMovementTypeEj, _ZN13AreaRumbleMgr8instanceE, _ZN13AreaRumbleMgr6rumbleEiaaa, _ZN6Effect5spawnEiP4Vec3P5Vec3iS1_, _ZN13EffectWrapperC1Ev, _ZN13EffectWrapper6updateEiP4Vec3P5Vec3iS1_, _ZN11SoundSystem15getSoundArchiveEv, _ZN11SoundSystem8instanceE, _ZNK2nn3atk12SoundArchive12GetItemLabelEj, _ZNK2nn3atk12SoundArchive9GetItemIdEPKc, _ZN15BasicSoundActor9playSoundEPKcP4Vec2j, GlobalBasicSoundActorA, _ZN5Level7getAreaEj, _ZN5Level8instanceE, _ZN5Level4Area11getLocationEP4Recth, _ZN9LevelInfo8instanceE, _ZN10TilesetMgr12getTileLayerEjh, _ZN10TilesetMgr8instanceE, _ZN9TileLayer10getTilePtrEjjPj, _Z19mapPositionToScreenR4Vec2RKS_, _Z11moveValueToRjRKjS1_
[2026-07-08T21:13:41.145Z] [INFO] Loading hook file "G:/Code/TypeScript/Apps/sweet-dx/source/hooks/profiles.hks"...
[2026-07-08T21:13:41.856Z] [INFO] Loaded 15 hook definition(s) from "G:/Code/TypeScript/Apps/sweet-dx/source/hooks/profiles.hks": Profile_ctor, Profile_get, Profile_getPriority, Profile_getHasResources, Profile_getResourceCount, Profile_getResourceList, LoadNewSpriteCount, UnloadNewSpriteCount, SpriteToProfileTableSize1, SpriteToProfileTableSize2, SpriteToProfileTableSize3, SpriteToProfileTableSize4, SpriteToProfileTableSize5, SpriteToProfileTableSize6, SpriteToProfileTableNoSInit.
[2026-07-08T21:13:41.856Z] [INFO] [
    {
        "name": "Profile_ctor",
        "type": "hook",
        "address": 98156,
        "symbol": "_ZN7ProfileC1EPFP5ActorPK14ActorBuildInfoEjRKN4sead14SafeStringBaseIcEEPK9ActorInfoj"
    },
    {
        "name": "Profile_get",
        "type": "hook",
        "address": 98976,
        "symbol": "_ZN7Profile3getEj"
    },
    {
        "name": "Profile_getPriority",
        "type": "hook",
        "address": 99228,
        "symbol": "_ZN7Profile11getPriorityEj"
    },
    {
        "name": "Profile_getHasResources",
        "type": "hook",
        "address": 99272,
        "symbol": "_ZN7Profile15getHasResourcesEj"
    },
    {
        "name": "Profile_getResourceCount",
        "type": "hook",
        "address": 99312,
        "symbol": "_ZN7Profile16getResourceCountEj"
    },
    {
        "name": "Profile_getResourceList",
        "type": "hook",
        "address": 135152,
        "symbol": "_ZN7Profile15getResourceListEj"
    },
    {
        "name": "LoadNewSpriteCount",
        "type": "instr",
        "address": 37276,
        "instruction": "movw r4, #0x394"
    },
    {
        "name": "UnloadNewSpriteCount",
        "type": "instr",
        "address": 37476,
        "instruction": "movw r6, #0x394"
    },
    {
        "name": "SpriteToProfileTableSize1",
        "type": "instr",
        "address": 18080,
        "instruction": "cmp r1, #0x10000"
    },
    {
        "name": "SpriteToProfileTableSize2",
        "type": "instr",
        "address": 25168,
        "instruction": "cmp r1, #0x10000"
    },
    {
        "name": "SpriteToProfileTableSize3",
        "type": "instr",
        "address": 25644,
        "instruction": "cmp r1, #0x10000"
    },
    {
        "name": "SpriteToProfileTableSize4",
        "type": "instr",
        "address": 26020,
        "instruction": "cmp r1, #0x10000"
    },
    {
        "name": "SpriteToProfileTableSize5",
        "type": "instr",
        "address": 26364,
        "instruction": "cmp r1, #0x10000"
    },
    {
        "name": "SpriteToProfileTableSize6",
        "type": "instr",
        "address": 27700,
        "instruction": "cmp r1, #0x10000"
    },
    {
        "name": "SpriteToProfileTableNoSInit",
        "type": "instr",
        "address": 83748,
        "instruction": "bx lr"
    }
]
[2026-07-08T21:13:41.856Z] [INFO] Loading hook file "G:/Code/TypeScript/Apps/sweet-dx/source/hooks/static_init.hks"...
[2026-07-08T21:13:41.859Z] [INFO] Loaded 1 hook definition(s) from "G:/Code/TypeScript/Apps/sweet-dx/source/hooks/static_init.hks": static_init.
[2026-07-08T21:13:41.859Z] [INFO] [
    {
        "name": "static_init",
        "type": "hook",
        "address": 412,
        "symbol": "static_init_hook"
    }
]
[2026-07-08T21:13:41.859Z] [INFO] Found 3 source file(s), 1 symbol file(s) and 16 hook definition(s).
[2026-07-08T21:13:41.865Z] [INFO] Working in temporary directory "C:/Users/JABONC~1/AppData/Local/Temp/Deno-Tempf78e473b312072be0.6704687505114783".
[2026-07-08T21:13:41.866Z] [INFO] Processing hook "Profile_ctor" (type: hook, address: 0x00017F6C).
[2026-07-08T21:13:41.866Z] [INFO] Processing hook "Profile_get" (type: hook, address: 0x000182A0).
[2026-07-08T21:13:41.866Z] [INFO] Processing hook "Profile_getPriority" (type: hook, address: 0x0001839C).
[2026-07-08T21:13:41.866Z] [INFO] Processing hook "Profile_getHasResources" (type: hook, address: 0x000183C8).
[2026-07-08T21:13:41.866Z] [INFO] Processing hook "Profile_getResourceCount" (type: hook, address: 0x000183F0).
[2026-07-08T21:13:41.866Z] [INFO] Processing hook "Profile_getResourceList" (type: hook, address: 0x00020FF0).
[2026-07-08T21:13:41.867Z] [INFO] Processing hook "LoadNewSpriteCount" (type: instr, address: 0x0000919C).
[2026-07-08T21:13:41.947Z] [INFO] Added IPS patch at 0x0000929C (4 byte(s)): hook "LoadNewSpriteCount" instruction override ("movw r4, #0x394")
[2026-07-08T21:13:41.947Z] [INFO] IPS Patch at 0x0000929C set to 0x94, 0x43, 0x00, 0xE3
[2026-07-08T21:13:41.947Z] [INFO] Processing hook "UnloadNewSpriteCount" (type: instr, address: 0x00009264).
[2026-07-08T21:13:42.011Z] [INFO] Added IPS patch at 0x00009364 (4 byte(s)): hook "UnloadNewSpriteCount" instruction override ("movw r6, #0x394")
[2026-07-08T21:13:42.011Z] [INFO] IPS Patch at 0x00009364 set to 0x94, 0x63, 0x00, 0xE3
[2026-07-08T21:13:42.011Z] [INFO] Processing hook "SpriteToProfileTableSize1" (type: instr, address: 0x000046A0).
[2026-07-08T21:13:42.071Z] [INFO] Added IPS patch at 0x000047A0 (4 byte(s)): hook "SpriteToProfileTableSize1" instruction override ("cmp r1, #0x10000")
[2026-07-08T21:13:42.072Z] [INFO] IPS Patch at 0x000047A0 set to 0x01, 0x08, 0x51, 0xE3
[2026-07-08T21:13:42.072Z] [INFO] Processing hook "SpriteToProfileTableSize2" (type: instr, address: 0x00006250).
[2026-07-08T21:13:42.131Z] [INFO] Added IPS patch at 0x00006350 (4 byte(s)): hook "SpriteToProfileTableSize2" instruction override ("cmp r1, #0x10000")
[2026-07-08T21:13:42.131Z] [INFO] IPS Patch at 0x00006350 set to 0x01, 0x08, 0x51, 0xE3
[2026-07-08T21:13:42.131Z] [INFO] Processing hook "SpriteToProfileTableSize3" (type: instr, address: 0x0000642C).
[2026-07-08T21:13:42.192Z] [INFO] Added IPS patch at 0x0000652C (4 byte(s)): hook "SpriteToProfileTableSize3" instruction override ("cmp r1, #0x10000")
[2026-07-08T21:13:42.192Z] [INFO] IPS Patch at 0x0000652C set to 0x01, 0x08, 0x51, 0xE3
[2026-07-08T21:13:42.192Z] [INFO] Processing hook "SpriteToProfileTableSize4" (type: instr, address: 0x000065A4).
[2026-07-08T21:13:42.253Z] [INFO] Added IPS patch at 0x000066A4 (4 byte(s)): hook "SpriteToProfileTableSize4" instruction override ("cmp r1, #0x10000")
[2026-07-08T21:13:42.253Z] [INFO] IPS Patch at 0x000066A4 set to 0x01, 0x08, 0x51, 0xE3
[2026-07-08T21:13:42.253Z] [INFO] Processing hook "SpriteToProfileTableSize5" (type: instr, address: 0x000066FC).
[2026-07-08T21:13:42.317Z] [INFO] Added IPS patch at 0x000067FC (4 byte(s)): hook "SpriteToProfileTableSize5" instruction override ("cmp r1, #0x10000")
[2026-07-08T21:13:42.318Z] [INFO] IPS Patch at 0x000067FC set to 0x01, 0x08, 0x51, 0xE3
[2026-07-08T21:13:42.318Z] [INFO] Processing hook "SpriteToProfileTableSize6" (type: instr, address: 0x00006C34).
[2026-07-08T21:13:42.380Z] [INFO] Added IPS patch at 0x00006D34 (4 byte(s)): hook "SpriteToProfileTableSize6" instruction override ("cmp r1, #0x10000")
[2026-07-08T21:13:42.380Z] [INFO] IPS Patch at 0x00006D34 set to 0x01, 0x08, 0x51, 0xE3
[2026-07-08T21:13:42.380Z] [INFO] Processing hook "SpriteToProfileTableNoSInit" (type: instr, address: 0x00014724).
[2026-07-08T21:13:42.442Z] [INFO] Added IPS patch at 0x00014824 (4 byte(s)): hook "SpriteToProfileTableNoSInit" instruction override ("bx lr")
[2026-07-08T21:13:42.443Z] [INFO] IPS Patch at 0x00014824 set to 0x1E, 0xFF, 0x2F, 0xE1
[2026-07-08T21:13:42.443Z] [INFO] Processing hook "static_init" (type: hook, address: 0x0000019C).
[2026-07-08T21:13:42.443Z] [INFO] Wrote hook trampolines to "hooks.s".
[2026-07-08T21:13:42.444Z] [INFO] Generated linker scripts for symbol file(s).
[2026-07-08T21:13:42.445Z] [INFO] Invoking clang++...
[2026-07-08T21:13:42.445Z] [INFO] 
[2026-07-08T21:13:42.939Z] [INFO] clang++ arguments: "--target=armv7l-none-eabihf" "-mcpu=cortex-a57" "-mfpu=crypto-neon-fp-armv8" "-mfloat-abi=hard" "-fPIC" "-nostdlib" "-fno-rtti" "-fno-exceptions" "-fpermissive" "-c" "C:/Users/JABONC~1/AppData/Local/Temp/Deno-Tempf78e473b312072be0.6704687505114783/crt0.s" "C:/Users/JABONC~1/AppData/Local/Temp/Deno-Tempf78e473b312072be0.6704687505114783/hooks.s" "G:/Code/TypeScript/Apps/sweet-dx/source/code/main.cpp" "G:/Code/TypeScript/Apps/sweet-dx/source/code/mrsun.cpp" "G:/Code/TypeScript/Apps/sweet-dx/source/code/profile.cpp"
[2026-07-08T21:13:42.939Z] [INFO] clang++ exited.
--- stderr ---
In file included from G:/Code/TypeScript/Apps/sweet-dx/source/code/mrsun.cpp:12:
In file included from G:/Code/TypeScript/Apps/sweet-dx/source/code/../include/mrsun.hpp:3:
In file included from G:/Code/TypeScript/Apps/sweet-dx/source/code/../include/./actor/enemy.hpp:3:
In file included from G:/Code/TypeScript/Apps/sweet-dx/source/code/../include/./actor/./multistateactor.hpp:3:
In file included from G:/Code/TypeScript/Apps/sweet-dx/source/code/../include/./actor/././collisionactor.hpp:3:
In file included from G:/Code/TypeScript/Apps/sweet-dx/source/code/../include/./actor/./././stageactor.hpp:3:
In file included from G:/Code/TypeScript/Apps/sweet-dx/source/code/../include/./actor/././././actor.hpp:3:
In file included from G:/Code/TypeScript/Apps/sweet-dx/source/code/../include/./actor/././././../util/vec3.hpp:3:
In file included from G:/Code/TypeScript/Apps/sweet-dx/source/code/../include/./actor/././././../util/./vec2.hpp:3:
G:/Code/TypeScript/Apps/sweet-dx/source/code/../include/./actor/././././../util/./../math.hpp:57:18: warning: implicit conversion from 'int' to 'f32' (aka 'float') changes value from 683565276 to 683565248 [-Wimplicit-const-int-float-conversion]
   57 |     return val * 683565276;
      |                ~ ^~~~~~~~~
1 warning generated.
In file included from G:/Code/TypeScript/Apps/sweet-dx/source/code/profile.cpp:2:
In file included from G:/Code/TypeScript/Apps/sweet-dx/source/code/../include/actor/actor.hpp:3:
In file included from G:/Code/TypeScript/Apps/sweet-dx/source/code/../include/actor/../util/vec3.hpp:3:
In file included from G:/Code/TypeScript/Apps/sweet-dx/source/code/../include/actor/../util/./vec2.hpp:3:
G:/Code/TypeScript/Apps/sweet-dx/source/code/../include/actor/../util/./../math.hpp:57:18: warning: implicit conversion from 'int' to 'f32' (aka 'float') changes value from 683565276 to 683565248 [-Wimplicit-const-int-float-conversion]
   57 |     return val * 683565276;
      |                ~ ^~~~~~~~~
1 warning generated.
[2026-07-08T21:13:42.939Z] [INFO] 
[2026-07-08T21:13:42.940Z] [INFO] Compiled 5 object file(s).
[2026-07-08T21:13:42.940Z] [INFO] Invoking arm-none-eabi-ld...
[2026-07-08T21:13:42.940Z] [INFO] 
[2026-07-08T21:13:43.137Z] [INFO] arm-none-eabi-ld arguments: "-pie" "-T" "C:/Users/JABONC~1/AppData/Local/Temp/Deno-Tempf78e473b312072be0.6704687505114783/linker.ld" "-T" "C:/Users/JABONC~1/AppData/Local/Temp/Deno-Tempf78e473b312072be0.6704687505114783/sdk.ld" "-T" "C:/Users/JABONC~1/AppData/Local/Temp/Deno-Tempf78e473b312072be0.6704687505114783/0.6474349838308756.ld" "--unresolved-symbols=ignore-all" "C:/Users/JABONC~1/AppData/Local/Temp/Deno-Tempf78e473b312072be0.6704687505114783/crt0.o" "C:/Users/JABONC~1/AppData/Local/Temp/Deno-Tempf78e473b312072be0.6704687505114783/hooks.o" "C:/Users/JABONC~1/AppData/Local/Temp/Deno-Tempf78e473b312072be0.6704687505114783/main.o" "C:/Users/JABONC~1/AppData/Local/Temp/Deno-Tempf78e473b312072be0.6704687505114783/mrsun.o" "C:/Users/JABONC~1/AppData/Local/Temp/Deno-Tempf78e473b312072be0.6704687505114783/profile.o" "-o" "C:/Users/JABONC~1/AppData/Local/Temp/Deno-Tempf78e473b312072be0.6704687505114783/subsdk0.elf"
[2026-07-08T21:13:43.137Z] [INFO] arm-none-eabi-ld exited.
--- stderr ---
C:\devkitPro\devkitARM\bin\arm-none-eabi-ld.exe: warning: C:/Users/JABONC~1/AppData/Local/Temp/Deno-Tempf78e473b312072be0.6704687505114783/hooks.o: missing .note.GNU-stack section implies executable stack
C:\devkitPro\devkitARM\bin\arm-none-eabi-ld.exe: NOTE: This behaviour is deprecated and will be removed in a future version of the linker
[2026-07-08T21:13:43.137Z] [INFO] 
[2026-07-08T21:13:43.137Z] [INFO] Linked ELF at "C:/Users/JABONC~1/AppData/Local/Temp/Deno-Tempf78e473b312072be0.6704687505114783/subsdk0.elf".
[2026-07-08T21:13:43.194Z] [INFO] Resolved required ELF sections and loadable segments.
[2026-07-08T21:13:43.195Z] [INFO] Resolved hook symbol "_ZN7ProfileC1EPFP5ActorPK14ActorBuildInfoEjRKN4sead14SafeStringBaseIcEEPK9ActorInfoj" (Profile_ctor) at 0x000022C0 (no trampoline).
[2026-07-08T21:13:43.195Z] [INFO] Added IPS patch at 0x0001806C (4 byte(s)): hook "Profile_ctor" redirect at 0x00017F6C to symbol "_ZN7ProfileC1EPFP5ActorPK14ActorBuildInfoEjRKN4sead14SafeStringBaseIcEEPK9ActorInfoj" (0x00CD32C0)
[2026-07-08T21:13:43.195Z] [INFO] IPS Patch at 0x0001806C set to 0xD3, 0xEC, 0x32, 0xEA
[2026-07-08T21:13:43.195Z] [INFO] Resolved hook symbol "_ZN7Profile3getEj" (Profile_get) at 0x000023F8 (no trampoline).
[2026-07-08T21:13:43.195Z] [INFO] Added IPS patch at 0x000183A0 (4 byte(s)): hook "Profile_get" redirect at 0x000182A0 to symbol "_ZN7Profile3getEj" (0x00CD33F8)
[2026-07-08T21:13:43.195Z] [INFO] IPS Patch at 0x000183A0 set to 0x54, 0xEC, 0x32, 0xEA
[2026-07-08T21:13:43.196Z] [INFO] Resolved hook symbol "_ZN7Profile11getPriorityEj" (Profile_getPriority) at 0x00002488 (no trampoline).
[2026-07-08T21:13:43.196Z] [INFO] Added IPS patch at 0x0001849C (4 byte(s)): hook "Profile_getPriority" redirect at 0x0001839C to symbol "_ZN7Profile11getPriorityEj" (0x00CD3488)
[2026-07-08T21:13:43.196Z] [INFO] IPS Patch at 0x0001849C set to 0x39, 0xEC, 0x32, 0xEA
[2026-07-08T21:13:43.196Z] [INFO] Resolved hook symbol "_ZN7Profile15getHasResourcesEj" (Profile_getHasResources) at 0x00002518 (no trampoline).
[2026-07-08T21:13:43.196Z] [INFO] Added IPS patch at 0x000184C8 (4 byte(s)): hook "Profile_getHasResources" redirect at 0x000183C8 to symbol "_ZN7Profile15getHasResourcesEj" (0x00CD3518)
[2026-07-08T21:13:43.196Z] [INFO] IPS Patch at 0x000184C8 set to 0x52, 0xEC, 0x32, 0xEA
[2026-07-08T21:13:43.196Z] [INFO] Resolved hook symbol "_ZN7Profile16getResourceCountEj" (Profile_getResourceCount) at 0x0000259C (no trampoline).
[2026-07-08T21:13:43.196Z] [INFO] Added IPS patch at 0x000184F0 (4 byte(s)): hook "Profile_getResourceCount" redirect at 0x000183F0 to symbol "_ZN7Profile16getResourceCountEj" (0x00CD359C)
[2026-07-08T21:13:43.196Z] [INFO] IPS Patch at 0x000184F0 set to 0x69, 0xEC, 0x32, 0xEA
[2026-07-08T21:13:43.196Z] [INFO] Resolved hook symbol "_ZN7Profile15getResourceListEj" (Profile_getResourceList) at 0x00002620 (no trampoline).
[2026-07-08T21:13:43.196Z] [INFO] Added IPS patch at 0x000210F0 (4 byte(s)): hook "Profile_getResourceList" redirect at 0x00020FF0 to symbol "_ZN7Profile15getResourceListEj" (0x00CD3620)
[2026-07-08T21:13:43.196Z] [INFO] IPS Patch at 0x000210F0 set to 0x8A, 0xC9, 0x32, 0xEA
[2026-07-08T21:13:43.197Z] [INFO] Resolved hook symbol "static_init_hook" (static_init) at 0x00000028 (no trampoline).
[2026-07-08T21:13:43.197Z] [INFO] Added IPS patch at 0x0000029C (4 byte(s)): hook "static_init" redirect at 0x0000019C to symbol "static_init_hook" (0x00CD1028)
[2026-07-08T21:13:43.197Z] [INFO] IPS Patch at 0x0000029C set to 0xA1, 0x43, 0x33, 0xEA
[2026-07-08T21:13:43.197Z] [INFO] Resolved 0 trampoline patch(es).
[2026-07-08T21:13:43.326Z] [INFO] Wrote NSO to "./atmosphere/contents/0100EA80032EA000/exefs/subsdk0".
[2026-07-08T21:13:43.330Z] [INFO] Wrote IPS patch to "./atmosphere/exefs_patches/0100EA80032EA000/AEE6DCCC06D9C05B42061E2019123A61.ips".
[2026-07-08T21:13:43.333Z] [INFO] Compilation completed successfully.
